<?xml version="1.0" encoding="UTF-8" ?>
<testsuite tests="1" failures="0" name="com.immortals.fans.AppTest" time="0.003" errors="0" skipped="0">
  <properties>
    <property name="java.runtime.name" value="Java(TM) SE Runtime Environment"/>
    <property name="sun.boot.library.path" value="W:\ProfessionalSoftware\Program\jre\bin"/>
    <property name="java.vm.version" value="25.45-b02"/>
    <property name="java.vm.vendor" value="Oracle Corporation"/>
    <property name="maven.multiModuleProjectDirectory" value="W:\WorkPlace\Program\JavaWorkplace\J2EE\fans"/>
    <property name="java.vendor.url" value="http://java.oracle.com/"/>
    <property name="path.separator" value=";"/>
    <property name="guice.disable.misplaced.annotation.check" value="true"/>
    <property name="java.vm.name" value="Java HotSpot(TM) 64-Bit Server VM"/>
    <property name="file.encoding.pkg" value="sun.io"/>
    <property name="user.script" value=""/>
    <property name="user.country" value="CN"/>
    <property name="sun.java.launcher" value="SUN_STANDARD"/>
    <property name="sun.os.patch.level" value=""/>
    <property name="java.vm.specification.name" value="Java Virtual Machine Specification"/>
    <property name="user.dir" value="W:\WorkPlace\Program\JavaWorkplace\J2EE\fans"/>
    <property name="java.runtime.version" value="1.8.0_45-b14"/>
    <property name="java.awt.graphicsenv" value="sun.awt.Win32GraphicsEnvironment"/>
    <property name="java.endorsed.dirs" value="W:\ProfessionalSoftware\Program\jre\lib\endorsed"/>
    <property name="os.arch" value="amd64"/>
    <property name="java.io.tmpdir" value="C:\Users\ARCHIB~1\AppData\Local\Temp\"/>
    <property name="line.separator" value="
"/>
    <property name="java.vm.specification.vendor" value="Oracle Corporation"/>
    <property name="user.variant" value=""/>
    <property name="os.name" value="Windows 8.1"/>
    <property name="classworlds.conf" value="W:\WorkPlace\Program\JavaWorkplace\J2EE\.metadata\.plugins\org.eclipse.m2e.launching\launches\m2conf4189298723585836087.tmp"/>
    <property name="sun.jnu.encoding" value="GBK"/>
    <property name="java.library.path" value="W:\ProfessionalSoftware\Program\jre\bin;C:\Windows\Sun\Java\bin;C:\Windows\system32;C:\Windows;W:\ProfessionalSoftware\Program\jre\bin;C:\ProgramData\Oracle\Java\javapath;C:\Program Files (x86)\Intel\iCLS Client\;C:\Program Files\Intel\iCLS Client\;C:\Windows\system32;C:\Windows;C:\Windows\System32\Wbem;C:\Windows\System32\WindowsPowerShell\v1.0\;C:\Program Files\Intel\Intel(R) Management Engine Components\DAL;C:\Program Files (x86)\Intel\Intel(R) Management Engine Components\DAL;C:\Program Files\Intel\Intel(R) Management Engine Components\IPT;C:\Program Files (x86)\Intel\Intel(R) Management Engine Components\IPT;C:\Program Files\Intel\WiFi\bin\;C:\Program Files\Common Files\Intel\WirelessCommon\;W:\ProfessionalSoftware\Program\jdk\bin;W:\ProfessionalSoftware\Program\jdk\jre\bin;C:\Program Files (x86)\Windows Kits\8.1\Windows Performance Toolkit\;C:\Program Files\Microsoft SQL Server\110\Tools\Binn\;E:\Software\QuickTime\QTSystem\;W:\ProfessionalSoftware\Program\Python27;W:\ProfessionalSoftware\Program\Visual Studio\cocos2d-x\cocos2d-x-3.6\tools\cocos2d-console\bin;C:\Program Files (x86)\MySQL\MySQL Fabric 1.5 &amp; MySQL Utilities 1.5\;C:\Program Files (x86)\MySQL\MySQL Fabric 1.5 &amp; MySQL Utilities 1.5\Doctrine extensions for PHP\;C:\Program Files (x86)\Autodesk\Backburner\;C:\Program Files\Common Files\Autodesk Shared\;M2=W:\ProfessionalSoftware\Program\eclipse\apache-maven\bin;W:\ProfessionalSoftware\Program\Visual Studio\cocos2d-x\cocos2d-x-3.6\templates;W:\ProfessionalSoftware\Program\Visual Studio\cocos2d-x\cocos2d-x-3.6\tools\cocos2d-console\bin;."/>
    <property name="java.specification.name" value="Java Platform API Specification"/>
    <property name="java.class.version" value="52.0"/>
    <property name="sun.management.compiler" value="HotSpot 64-Bit Tiered Compilers"/>
    <property name="os.version" value="6.3"/>
    <property name="user.home" value="C:\Users\Archibaldx"/>
    <property name="user.timezone" value="Asia/Shanghai"/>
    <property name="java.awt.printerjob" value="sun.awt.windows.WPrinterJob"/>
    <property name="java.specification.version" value="1.8"/>
    <property name="file.encoding" value="GBK"/>
    <property name="user.name" value="Archibaldx"/>
    <property name="java.class.path" value="W:\ProfessionalSoftware\Program\eclipse\apache-maven\boot\plexus-classworlds-2.5.2.jar"/>
    <property name="java.vm.specification.version" value="1.8"/>
    <property name="sun.arch.data.model" value="64"/>
    <property name="java.home" value="W:\ProfessionalSoftware\Program\jre"/>
    <property name="sun.java.command" value="org.codehaus.plexus.classworlds.launcher.Launcher -B -s W:\ProfessionalSoftware\Program\eclipse\apache-maven\conf\settings.xml install"/>
    <property name="java.specification.vendor" value="Oracle Corporation"/>
    <property name="user.language" value="zh"/>
    <property name="awt.toolkit" value="sun.awt.windows.WToolkit"/>
    <property name="java.vm.info" value="mixed mode"/>
    <property name="java.version" value="1.8.0_45"/>
    <property name="java.ext.dirs" value="W:\ProfessionalSoftware\Program\jre\lib\ext;C:\Windows\Sun\Java\lib\ext"/>
    <property name="sun.boot.class.path" value="W:\ProfessionalSoftware\Program\jre\lib\resources.jar;W:\ProfessionalSoftware\Program\jre\lib\rt.jar;W:\ProfessionalSoftware\Program\jre\lib\sunrsasign.jar;W:\ProfessionalSoftware\Program\jre\lib\jsse.jar;W:\ProfessionalSoftware\Program\jre\lib\jce.jar;W:\ProfessionalSoftware\Program\jre\lib\charsets.jar;W:\ProfessionalSoftware\Program\jre\lib\jfr.jar;W:\ProfessionalSoftware\Program\jre\classes"/>
    <property name="java.vendor" value="Oracle Corporation"/>
    <property name="maven.home" value="W:\ProfessionalSoftware\Program\eclipse\apache-maven"/>
    <property name="file.separator" value="\"/>
    <property name="java.vendor.url.bug" value="http://bugreport.sun.com/bugreport/"/>
    <property name="sun.cpu.endian" value="little"/>
    <property name="sun.io.unicode.encoding" value="UnicodeLittle"/>
    <property name="sun.desktop" value="windows"/>
    <property name="sun.cpu.isalist" value="amd64"/>
  </properties>
  <testcase classname="com.immortals.fans.AppTest" name="testApp" time="0.003"/>
</testsuite>